<?xml version="1.0" encoding="UTF-8" ?>
<testsuites>
  <testsuite errors="0" failures="0" hostname="anakin" id="0" name="EmailerServiceSpec" package="ca.airspeed.common" tests="5" time="2.203" timestamp="2012-05-28T03:23:38">
      <properties />

      <testcase classname="ca.airspeed.common.EmailerServiceSpec" name="greenmail was initialized" time="0.016" />

      <testcase classname="ca.airspeed.common.EmailerServiceSpec" name="emailerService was initialized" time="0.015" />

      <testcase classname="ca.airspeed.common.EmailerServiceSpec" name="send a text-only email, no Cc, no Bcc" time="0.047" />

      <testcase classname="ca.airspeed.common.EmailerServiceSpec" name="send a multipart email with Cc, Bcc and attachments" time="0.062" />

      <testcase classname="ca.airspeed.common.EmailerServiceSpec" name="email an Invoice" time="2.0" />

      <system-out><![CDATA[--Output from greenmail was initialized--
--Output from emailerService was initialized--
--Output from send a text-only email, no Cc, no Bcc--
--Output from send a multipart email with Cc, Bcc and attachments--
--Output from email an Invoice--
]]></system-out>

      <system-err><![CDATA[--Output from greenmail was initialized--
--Output from emailerService was initialized--
--Output from send a text-only email, no Cc, no Bcc--
--Output from send a multipart email with Cc, Bcc and attachments--
--Output from email an Invoice--
]]></system-err>

  </testsuite>
  <testsuite errors="0" failures="0" hostname="anakin" id="1" name="InvoiceControllerSpec" package="ca.airspeed.invoice" tests="3" time="0.609" timestamp="2012-05-28T03:23:40">
      <properties />

      <testcase classname="ca.airspeed.invoice.InvoiceControllerSpec" name="Greenmail was initialized" time="0.093" />

      <testcase classname="ca.airspeed.invoice.InvoiceControllerSpec" name="InvoiceController was initialized" time="0.079" />

      <testcase classname="ca.airspeed.invoice.InvoiceControllerSpec" name="Emails an invoice" time="0.422" />

      <system-out><![CDATA[--Output from Greenmail was initialized--
--Output from InvoiceController was initialized--
--Output from Emails an invoice--
]]></system-out>

      <system-err><![CDATA[--Output from Greenmail was initialized--
--Output from InvoiceController was initialized--
--Output from Emails an invoice--
]]></system-err>

  </testsuite>
  <testsuite errors="0" failures="0" hostname="anakin" id="2" name="AttachmentControllerTests" package="ca.airspeed.invoice" tests="8" time="1.64" timestamp="2012-05-28T03:23:13">
      <properties />

      <testcase classname="ca.airspeed.invoice.AttachmentControllerTests" name="testIndex" time="0.469" />

      <testcase classname="ca.airspeed.invoice.AttachmentControllerTests" name="testList" time="0.109" />

      <testcase classname="ca.airspeed.invoice.AttachmentControllerTests" name="testCreate" time="0.094" />

      <testcase classname="ca.airspeed.invoice.AttachmentControllerTests" name="testSave" time="0.156" />

      <testcase classname="ca.airspeed.invoice.AttachmentControllerTests" name="testShow" time="0.109" />

      <testcase classname="ca.airspeed.invoice.AttachmentControllerTests" name="testEdit" time="0.125" />

      <testcase classname="ca.airspeed.invoice.AttachmentControllerTests" name="testUpdate" time="0.141" />

      <testcase classname="ca.airspeed.invoice.AttachmentControllerTests" name="testDelete" time="0.125" />

      <system-out><![CDATA[--Output from testIndex--
--Output from testList--
--Output from testCreate--
--Output from testSave--
--Output from testShow--
--Output from testEdit--
--Output from testUpdate--
--Output from testDelete--
]]></system-out>

      <system-err><![CDATA[--Output from testIndex--
--Output from testList--
--Output from testCreate--
--Output from testSave--
--Output from testShow--
--Output from testEdit--
--Output from testUpdate--
--Output from testDelete--
]]></system-err>

  </testsuite>
  <testsuite errors="0" failures="0" hostname="anakin" id="3" name="CompanyControllerTests" package="ca.airspeed.invoice" tests="8" time="1.657" timestamp="2012-05-28T03:23:15">
      <properties />

      <testcase classname="ca.airspeed.invoice.CompanyControllerTests" name="testIndex" time="0.594" />

      <testcase classname="ca.airspeed.invoice.CompanyControllerTests" name="testList" time="0.11" />

      <testcase classname="ca.airspeed.invoice.CompanyControllerTests" name="testCreate" time="0.109" />

      <testcase classname="ca.airspeed.invoice.CompanyControllerTests" name="testSave" time="0.141" />

      <testcase classname="ca.airspeed.invoice.CompanyControllerTests" name="testShow" time="0.11" />

      <testcase classname="ca.airspeed.invoice.CompanyControllerTests" name="testEdit" time="0.125" />

      <testcase classname="ca.airspeed.invoice.CompanyControllerTests" name="testUpdate" time="0.141" />

      <testcase classname="ca.airspeed.invoice.CompanyControllerTests" name="testDelete" time="0.125" />

      <system-out><![CDATA[--Output from testIndex--
--Output from testList--
--Output from testCreate--
--Output from testSave--
--Output from testShow--
--Output from testEdit--
--Output from testUpdate--
--Output from testDelete--
]]></system-out>

      <system-err><![CDATA[--Output from testIndex--
--Output from testList--
--Output from testCreate--
--Output from testSave--
--Output from testShow--
--Output from testEdit--
--Output from testUpdate--
--Output from testDelete--
]]></system-err>

  </testsuite>
  <testsuite errors="0" failures="0" hostname="anakin" id="4" name="CompanyTests" package="ca.airspeed.invoice" tests="1" time="0.532" timestamp="2012-05-28T03:23:16">
      <properties />

      <testcase classname="ca.airspeed.invoice.CompanyTests" name="testConstraints" time="0.282" />

      <system-out><![CDATA[--Output from testConstraints--
]]></system-out>

      <system-err><![CDATA[--Output from testConstraints--
]]></system-err>

  </testsuite>
  <testsuite errors="0" failures="0" hostname="anakin" id="5" name="CustomerControllerTests" package="ca.airspeed.invoice" tests="8" time="2.016" timestamp="2012-05-28T03:23:17">
      <properties />

      <testcase classname="ca.airspeed.invoice.CustomerControllerTests" name="testIndex" time="0.625" />

      <testcase classname="ca.airspeed.invoice.CustomerControllerTests" name="testList" time="0.156" />

      <testcase classname="ca.airspeed.invoice.CustomerControllerTests" name="testCreate" time="0.125" />

      <testcase classname="ca.airspeed.invoice.CustomerControllerTests" name="testSave" time="0.188" />

      <testcase classname="ca.airspeed.invoice.CustomerControllerTests" name="testShow" time="0.156" />

      <testcase classname="ca.airspeed.invoice.CustomerControllerTests" name="testEdit" time="0.156" />

      <testcase classname="ca.airspeed.invoice.CustomerControllerTests" name="testUpdate" time="0.234" />

      <testcase classname="ca.airspeed.invoice.CustomerControllerTests" name="testDelete" time="0.172" />

      <system-out><![CDATA[--Output from testIndex--
--Output from testList--
--Output from testCreate--
--Output from testSave--
--Output from testShow--
--Output from testEdit--
--Output from testUpdate--
--Output from testDelete--
]]></system-out>

      <system-err><![CDATA[--Output from testIndex--
--Output from testList--
--Output from testCreate--
--Output from testSave--
--Output from testShow--
--Output from testEdit--
--Output from testUpdate--
--Output from testDelete--
]]></system-err>

  </testsuite>
  <testsuite errors="0" failures="0" hostname="anakin" id="6" name="CustomerTests" package="ca.airspeed.invoice" tests="1" time="0.531" timestamp="2012-05-28T03:23:19">
      <properties />

      <testcase classname="ca.airspeed.invoice.CustomerTests" name="testConstraints" time="0.281" />

      <system-out><![CDATA[--Output from testConstraints--
]]></system-out>

      <system-err><![CDATA[--Output from testConstraints--
]]></system-err>

  </testsuite>
  <testsuite errors="0" failures="0" hostname="anakin" id="7" name="InvoiceControllerTests" package="ca.airspeed.invoice" tests="9" time="3.187" timestamp="2012-05-28T03:23:19">
      <properties />

      <testcase classname="ca.airspeed.invoice.InvoiceControllerTests" name="testIndex" time="0.781" />

      <testcase classname="ca.airspeed.invoice.InvoiceControllerTests" name="testList" time="0.235" />

      <testcase classname="ca.airspeed.invoice.InvoiceControllerTests" name="testCreate" time="0.204" />

      <testcase classname="ca.airspeed.invoice.InvoiceControllerTests" name="testSave" time="0.375" />

      <testcase classname="ca.airspeed.invoice.InvoiceControllerTests" name="testShow" time="0.234" />

      <testcase classname="ca.airspeed.invoice.InvoiceControllerTests" name="testEdit" time="0.218" />

      <testcase classname="ca.airspeed.invoice.InvoiceControllerTests" name="testUpdate" time="0.297" />

      <testcase classname="ca.airspeed.invoice.InvoiceControllerTests" name="testDelete" time="0.235" />

      <testcase classname="ca.airspeed.invoice.InvoiceControllerTests" name="testEmail" time="0.312" />

      <system-out><![CDATA[--Output from testIndex--
--Output from testList--
--Output from testCreate--
--Output from testSave--
--Output from testShow--
--Output from testEdit--
--Output from testUpdate--
--Output from testDelete--
--Output from testEmail--
]]></system-out>

      <system-err><![CDATA[--Output from testIndex--
--Output from testList--
--Output from testCreate--
--Output from testSave--
--Output from testShow--
--Output from testEdit--
--Output from testUpdate--
--Output from testDelete--
--Output from testEmail--
]]></system-err>

  </testsuite>
  <testsuite errors="0" failures="0" hostname="anakin" id="8" name="InvoiceRecipientControllerTests" package="ca.airspeed.invoice" tests="8" time="2.328" timestamp="2012-05-28T03:23:23">
      <properties />

      <testcase classname="ca.airspeed.invoice.InvoiceRecipientControllerTests" name="testIndex" time="0.656" />

      <testcase classname="ca.airspeed.invoice.InvoiceRecipientControllerTests" name="testList" time="0.156" />

      <testcase classname="ca.airspeed.invoice.InvoiceRecipientControllerTests" name="testCreate" time="0.156" />

      <testcase classname="ca.airspeed.invoice.InvoiceRecipientControllerTests" name="testSave" time="0.266" />

      <testcase classname="ca.airspeed.invoice.InvoiceRecipientControllerTests" name="testShow" time="0.187" />

      <testcase classname="ca.airspeed.invoice.InvoiceRecipientControllerTests" name="testEdit" time="0.203" />

      <testcase classname="ca.airspeed.invoice.InvoiceRecipientControllerTests" name="testUpdate" time="0.282" />

      <testcase classname="ca.airspeed.invoice.InvoiceRecipientControllerTests" name="testDelete" time="0.203" />

      <system-out><![CDATA[--Output from testIndex--
--Output from testList--
--Output from testCreate--
--Output from testSave--
--Output from testShow--
--Output from testEdit--
--Output from testUpdate--
--Output from testDelete--
]]></system-out>

      <system-err><![CDATA[--Output from testIndex--
--Output from testList--
--Output from testCreate--
--Output from testSave--
--Output from testShow--
--Output from testEdit--
--Output from testUpdate--
--Output from testDelete--
]]></system-err>

  </testsuite>
  <testsuite errors="0" failures="0" hostname="anakin" id="9" name="InvoiceRecipientTests" package="ca.airspeed.invoice" tests="1" time="0.469" timestamp="2012-05-28T03:23:25">
      <properties />

      <testcase classname="ca.airspeed.invoice.InvoiceRecipientTests" name="testConstraints" time="0.297" />

      <system-out><![CDATA[--Output from testConstraints--
]]></system-out>

      <system-err><![CDATA[--Output from testConstraints--
]]></system-err>

  </testsuite>
  <testsuite errors="0" failures="0" hostname="anakin" id="10" name="InvoiceTests" package="ca.airspeed.invoice" tests="1" time="0.547" timestamp="2012-05-28T03:23:25">
      <properties />

      <testcase classname="ca.airspeed.invoice.InvoiceTests" name="testConstraints" time="0.297" />

      <system-out><![CDATA[--Output from testConstraints--
]]></system-out>

      <system-err><![CDATA[--Output from testConstraints--
]]></system-err>

  </testsuite>
  <testsuite errors="0" failures="0" hostname="anakin" id="11" name="JobControllerTests" package="ca.airspeed.invoice" tests="8" time="2.125" timestamp="2012-05-28T03:23:26">
      <properties />

      <testcase classname="ca.airspeed.invoice.JobControllerTests" name="testIndex" time="0.656" />

      <testcase classname="ca.airspeed.invoice.JobControllerTests" name="testList" time="0.14" />

      <testcase classname="ca.airspeed.invoice.JobControllerTests" name="testCreate" time="0.14" />

      <testcase classname="ca.airspeed.invoice.JobControllerTests" name="testSave" time="0.204" />

      <testcase classname="ca.airspeed.invoice.JobControllerTests" name="testShow" time="0.171" />

      <testcase classname="ca.airspeed.invoice.JobControllerTests" name="testEdit" time="0.172" />

      <testcase classname="ca.airspeed.invoice.JobControllerTests" name="testUpdate" time="0.203" />

      <testcase classname="ca.airspeed.invoice.JobControllerTests" name="testDelete" time="0.203" />

      <system-out><![CDATA[--Output from testIndex--
--Output from testList--
--Output from testCreate--
--Output from testSave--
--Output from testShow--
--Output from testEdit--
--Output from testUpdate--
--Output from testDelete--
]]></system-out>

      <system-err><![CDATA[--Output from testIndex--
--Output from testList--
--Output from testCreate--
--Output from testSave--
--Output from testShow--
--Output from testEdit--
--Output from testUpdate--
--Output from testDelete--
]]></system-err>

  </testsuite>
  <testsuite errors="0" failures="0" hostname="anakin" id="12" name="JobTests" package="ca.airspeed.invoice" tests="1" time="0.297" timestamp="2012-05-28T03:23:28">
      <properties />

      <testcase classname="ca.airspeed.invoice.JobTests" name="testConstraints" time="0.282" />

      <system-out><![CDATA[--Output from testConstraints--
]]></system-out>

      <system-err><![CDATA[--Output from testConstraints--
]]></system-err>

  </testsuite>
</testsuites>
