<?xml version="1.0" encoding="UTF-8" ?>
<testsuites>
  <testsuite errors="0" failures="0" hostname="anakin" id="0" name="EmailerServiceSpec" package="ca.airspeed.common" tests="5" time="1.953" timestamp="2012-05-24T21:18:57">
      <properties />

      <testcase classname="ca.airspeed.common.EmailerServiceSpec" name="greenmail was initialized" time="0.0" />

      <testcase classname="ca.airspeed.common.EmailerServiceSpec" name="emailerService was initialized" time="0.016" />

      <testcase classname="ca.airspeed.common.EmailerServiceSpec" name="send a text-only email, no Cc, no Bcc" time="0.031" />

      <testcase classname="ca.airspeed.common.EmailerServiceSpec" name="send a multipart email with Cc, Bcc and attachments" time="0.047" />

      <testcase classname="ca.airspeed.common.EmailerServiceSpec" name="email an Invoice" time="1.797" />

      <system-out><![CDATA[--Output from greenmail was initialized--
--Output from emailerService was initialized--
--Output from send a text-only email, no Cc, no Bcc--
--Output from send a multipart email with Cc, Bcc and attachments--
--Output from email an Invoice--
]]></system-out>

      <system-err><![CDATA[--Output from greenmail was initialized--
--Output from emailerService was initialized--
--Output from send a text-only email, no Cc, no Bcc--
--Output from send a multipart email with Cc, Bcc and attachments--
--Output from email an Invoice--
]]></system-err>

  </testsuite>
  <testsuite errors="0" failures="0" hostname="anakin" id="1" name="InvoiceControllerSpec" package="ca.airspeed.invoice" tests="3" time="0.5" timestamp="2012-05-24T21:18:59">
      <properties />

      <testcase classname="ca.airspeed.invoice.InvoiceControllerSpec" name="Greenmail was initialized" time="0.094" />

      <testcase classname="ca.airspeed.invoice.InvoiceControllerSpec" name="InvoiceController was initialized" time="0.078" />

      <testcase classname="ca.airspeed.invoice.InvoiceControllerSpec" name="Emails an invoice" time="0.328" />

      <system-out><![CDATA[--Output from Greenmail was initialized--
--Output from InvoiceController was initialized--
--Output from Emails an invoice--
]]></system-out>

      <system-err><![CDATA[--Output from Greenmail was initialized--
--Output from InvoiceController was initialized--
--Output from Emails an invoice--
]]></system-err>

  </testsuite>
  <testsuite errors="0" failures="0" hostname="anakin" id="2" name="CompanyControllerTests" package="ca.airspeed.invoice" tests="8" time="1.829" timestamp="2012-05-24T21:18:33">
      <properties />

      <testcase classname="ca.airspeed.invoice.CompanyControllerTests" name="testIndex" time="0.61" />

      <testcase classname="ca.airspeed.invoice.CompanyControllerTests" name="testList" time="0.11" />

      <testcase classname="ca.airspeed.invoice.CompanyControllerTests" name="testCreate" time="0.157" />

      <testcase classname="ca.airspeed.invoice.CompanyControllerTests" name="testSave" time="0.157" />

      <testcase classname="ca.airspeed.invoice.CompanyControllerTests" name="testShow" time="0.125" />

      <testcase classname="ca.airspeed.invoice.CompanyControllerTests" name="testEdit" time="0.125" />

      <testcase classname="ca.airspeed.invoice.CompanyControllerTests" name="testUpdate" time="0.141" />

      <testcase classname="ca.airspeed.invoice.CompanyControllerTests" name="testDelete" time="0.141" />

      <system-out><![CDATA[--Output from testIndex--
--Output from testList--
--Output from testCreate--
--Output from testSave--
--Output from testShow--
--Output from testEdit--
--Output from testUpdate--
--Output from testDelete--
]]></system-out>

      <system-err><![CDATA[--Output from testIndex--
--Output from testList--
--Output from testCreate--
--Output from testSave--
--Output from testShow--
--Output from testEdit--
--Output from testUpdate--
--Output from testDelete--
]]></system-err>

  </testsuite>
  <testsuite errors="0" failures="0" hostname="anakin" id="3" name="CompanyTests" package="ca.airspeed.invoice" tests="1" time="0.5" timestamp="2012-05-24T21:18:35">
      <properties />

      <testcase classname="ca.airspeed.invoice.CompanyTests" name="testConstraints" time="0.25" />

      <system-out><![CDATA[--Output from testConstraints--
]]></system-out>

      <system-err><![CDATA[--Output from testConstraints--
]]></system-err>

  </testsuite>
  <testsuite errors="0" failures="0" hostname="anakin" id="4" name="CustomerControllerTests" package="ca.airspeed.invoice" tests="8" time="2.188" timestamp="2012-05-24T21:18:35">
      <properties />

      <testcase classname="ca.airspeed.invoice.CustomerControllerTests" name="testIndex" time="0.688" />

      <testcase classname="ca.airspeed.invoice.CustomerControllerTests" name="testList" time="0.156" />

      <testcase classname="ca.airspeed.invoice.CustomerControllerTests" name="testCreate" time="0.156" />

      <testcase classname="ca.airspeed.invoice.CustomerControllerTests" name="testSave" time="0.203" />

      <testcase classname="ca.airspeed.invoice.CustomerControllerTests" name="testShow" time="0.188" />

      <testcase classname="ca.airspeed.invoice.CustomerControllerTests" name="testEdit" time="0.187" />

      <testcase classname="ca.airspeed.invoice.CustomerControllerTests" name="testUpdate" time="0.203" />

      <testcase classname="ca.airspeed.invoice.CustomerControllerTests" name="testDelete" time="0.172" />

      <system-out><![CDATA[--Output from testIndex--
--Output from testList--
--Output from testCreate--
--Output from testSave--
--Output from testShow--
--Output from testEdit--
--Output from testUpdate--
--Output from testDelete--
]]></system-out>

      <system-err><![CDATA[--Output from testIndex--
--Output from testList--
--Output from testCreate--
--Output from testSave--
--Output from testShow--
--Output from testEdit--
--Output from testUpdate--
--Output from testDelete--
]]></system-err>

  </testsuite>
  <testsuite errors="0" failures="0" hostname="anakin" id="5" name="CustomerTests" package="ca.airspeed.invoice" tests="1" time="0.578" timestamp="2012-05-24T21:18:37">
      <properties />

      <testcase classname="ca.airspeed.invoice.CustomerTests" name="testConstraints" time="0.312" />

      <system-out><![CDATA[--Output from testConstraints--
]]></system-out>

      <system-err><![CDATA[--Output from testConstraints--
]]></system-err>

  </testsuite>
  <testsuite errors="0" failures="0" hostname="anakin" id="6" name="InvoiceControllerTests" package="ca.airspeed.invoice" tests="9" time="3.594" timestamp="2012-05-24T21:18:38">
      <properties />

      <testcase classname="ca.airspeed.invoice.InvoiceControllerTests" name="testIndex" time="0.656" />

      <testcase classname="ca.airspeed.invoice.InvoiceControllerTests" name="testList" time="0.219" />

      <testcase classname="ca.airspeed.invoice.InvoiceControllerTests" name="testCreate" time="0.188" />

      <testcase classname="ca.airspeed.invoice.InvoiceControllerTests" name="testSave" time="0.766" />

      <testcase classname="ca.airspeed.invoice.InvoiceControllerTests" name="testShow" time="0.25" />

      <testcase classname="ca.airspeed.invoice.InvoiceControllerTests" name="testEdit" time="0.218" />

      <testcase classname="ca.airspeed.invoice.InvoiceControllerTests" name="testUpdate" time="0.266" />

      <testcase classname="ca.airspeed.invoice.InvoiceControllerTests" name="testDelete" time="0.265" />

      <testcase classname="ca.airspeed.invoice.InvoiceControllerTests" name="testEmail" time="0.328" />

      <system-out><![CDATA[--Output from testIndex--
--Output from testList--
--Output from testCreate--
--Output from testSave--
--Output from testShow--
--Output from testEdit--
--Output from testUpdate--
--Output from testDelete--
--Output from testEmail--
]]></system-out>

      <system-err><![CDATA[--Output from testIndex--
--Output from testList--
--Output from testCreate--
--Output from testSave--
--Output from testShow--
--Output from testEdit--
--Output from testUpdate--
--Output from testDelete--
--Output from testEmail--
]]></system-err>

  </testsuite>
  <testsuite errors="0" failures="0" hostname="anakin" id="7" name="InvoiceRecipientControllerTests" package="ca.airspeed.invoice" tests="8" time="2.672" timestamp="2012-05-24T21:18:41">
      <properties />

      <testcase classname="ca.airspeed.invoice.InvoiceRecipientControllerTests" name="testIndex" time="0.922" />

      <testcase classname="ca.airspeed.invoice.InvoiceRecipientControllerTests" name="testList" time="0.203" />

      <testcase classname="ca.airspeed.invoice.InvoiceRecipientControllerTests" name="testCreate" time="0.218" />

      <testcase classname="ca.airspeed.invoice.InvoiceRecipientControllerTests" name="testSave" time="0.25" />

      <testcase classname="ca.airspeed.invoice.InvoiceRecipientControllerTests" name="testShow" time="0.203" />

      <testcase classname="ca.airspeed.invoice.InvoiceRecipientControllerTests" name="testEdit" time="0.203" />

      <testcase classname="ca.airspeed.invoice.InvoiceRecipientControllerTests" name="testUpdate" time="0.266" />

      <testcase classname="ca.airspeed.invoice.InvoiceRecipientControllerTests" name="testDelete" time="0.203" />

      <system-out><![CDATA[--Output from testIndex--
--Output from testList--
--Output from testCreate--
--Output from testSave--
--Output from testShow--
--Output from testEdit--
--Output from testUpdate--
--Output from testDelete--
]]></system-out>

      <system-err><![CDATA[--Output from testIndex--
--Output from testList--
--Output from testCreate--
--Output from testSave--
--Output from testShow--
--Output from testEdit--
--Output from testUpdate--
--Output from testDelete--
]]></system-err>

  </testsuite>
  <testsuite errors="0" failures="0" hostname="anakin" id="8" name="InvoiceRecipientTests" package="ca.airspeed.invoice" tests="1" time="0.468" timestamp="2012-05-24T21:18:44">
      <properties />

      <testcase classname="ca.airspeed.invoice.InvoiceRecipientTests" name="testConstraints" time="0.312" />

      <system-out><![CDATA[--Output from testConstraints--
]]></system-out>

      <system-err><![CDATA[--Output from testConstraints--
]]></system-err>

  </testsuite>
  <testsuite errors="0" failures="0" hostname="anakin" id="9" name="InvoiceTests" package="ca.airspeed.invoice" tests="1" time="0.516" timestamp="2012-05-24T21:18:45">
      <properties />

      <testcase classname="ca.airspeed.invoice.InvoiceTests" name="testConstraints" time="0.266" />

      <system-out><![CDATA[--Output from testConstraints--
]]></system-out>

      <system-err><![CDATA[--Output from testConstraints--
]]></system-err>

  </testsuite>
  <testsuite errors="0" failures="0" hostname="anakin" id="10" name="JobControllerTests" package="ca.airspeed.invoice" tests="8" time="2.203" timestamp="2012-05-24T21:18:45">
      <properties />

      <testcase classname="ca.airspeed.invoice.JobControllerTests" name="testIndex" time="0.61" />

      <testcase classname="ca.airspeed.invoice.JobControllerTests" name="testList" time="0.156" />

      <testcase classname="ca.airspeed.invoice.JobControllerTests" name="testCreate" time="0.141" />

      <testcase classname="ca.airspeed.invoice.JobControllerTests" name="testSave" time="0.203" />

      <testcase classname="ca.airspeed.invoice.JobControllerTests" name="testShow" time="0.172" />

      <testcase classname="ca.airspeed.invoice.JobControllerTests" name="testEdit" time="0.235" />

      <testcase classname="ca.airspeed.invoice.JobControllerTests" name="testUpdate" time="0.25" />

      <testcase classname="ca.airspeed.invoice.JobControllerTests" name="testDelete" time="0.188" />

      <system-out><![CDATA[--Output from testIndex--
--Output from testList--
--Output from testCreate--
--Output from testSave--
--Output from testShow--
--Output from testEdit--
--Output from testUpdate--
--Output from testDelete--
]]></system-out>

      <system-err><![CDATA[--Output from testIndex--
--Output from testList--
--Output from testCreate--
--Output from testSave--
--Output from testShow--
--Output from testEdit--
--Output from testUpdate--
--Output from testDelete--
]]></system-err>

  </testsuite>
  <testsuite errors="0" failures="0" hostname="anakin" id="11" name="JobTests" package="ca.airspeed.invoice" tests="1" time="0.313" timestamp="2012-05-24T21:18:47">
      <properties />

      <testcase classname="ca.airspeed.invoice.JobTests" name="testConstraints" time="0.313" />

      <system-out><![CDATA[--Output from testConstraints--
]]></system-out>

      <system-err><![CDATA[--Output from testConstraints--
]]></system-err>

  </testsuite>
</testsuites>
